This is pdfTeX, Version 3.14159265-2.6-1.40.16 (MiKTeX 2.9) (preloaded format=pdflatex 2016.1.9)  9 JAN 2016 13:29
entering extended mode
**./scifile.tex
(scifile.tex
LaTeX2e <2015/10/01> patch level 2
Babel <3.9m> and hyphenation patterns for 69 languages loaded.

("C:\Users\Kevin Gilmore\AppData\Local\Programs\MiKTeX 2.9\tex\latex\base\artic
le.cls"
Document Class: article 2014/09/29 v1.4h Standard LaTeX document class

("C:\Users\Kevin Gilmore\AppData\Local\Programs\MiKTeX 2.9\tex\latex\base\size1
2.clo"
File: size12.clo 2014/09/29 v1.4h Standard LaTeX file (size option)
)
\c@part=\count79
\c@section=\count80
\c@subsection=\count81
\c@subsubsection=\count82
\c@paragraph=\count83
\c@subparagraph=\count84
\c@figure=\count85
\c@table=\count86
\abovecaptionskip=\skip41
\belowcaptionskip=\skip42
\bibindent=\dimen102
) (scicite.sty
LaTeX Info: Redefining \cite on input line 160.
LaTeX Info: Redefining \nocite on input line 227.
Package: scicite 2003/11/04  v 4.01
)
("C:\Users\Kevin Gilmore\AppData\Local\Programs\MiKTeX 2.9\tex\latex\psnfss\tim
es.sty"
Package: times 2005/04/12 PSNFSS-v9.2a (SPQR) 
)
\c@lastnote=\count87

No file scifile.aux.
\openout1 = `scifile.aux'.

LaTeX Font Info:    Checking defaults for OML/cmm/m/it on input line 95.
LaTeX Font Info:    ... okay on input line 95.
LaTeX Font Info:    Checking defaults for T1/cmr/m/n on input line 95.
LaTeX Font Info:    ... okay on input line 95.
LaTeX Font Info:    Checking defaults for OT1/cmr/m/n on input line 95.
LaTeX Font Info:    ... okay on input line 95.
LaTeX Font Info:    Checking defaults for OMS/cmsy/m/n on input line 95.
LaTeX Font Info:    ... okay on input line 95.
LaTeX Font Info:    Checking defaults for OMX/cmex/m/n on input line 95.
LaTeX Font Info:    ... okay on input line 95.
LaTeX Font Info:    Checking defaults for U/cmr/m/n on input line 95.
LaTeX Font Info:    ... okay on input line 95.
LaTeX Font Info:    Try loading font information for OT1+ptm on input line 95.

("C:\Users\Kevin Gilmore\AppData\Local\Programs\MiKTeX 2.9\tex\latex\psnfss\ot1
ptm.fd"
File: ot1ptm.fd 2001/06/04 font definitions for OT1/ptm.
)
LaTeX Font Info:    External font `cmex10' loaded for size
(Font)              <14.4> on input line 103.
LaTeX Font Info:    External font `cmex10' loaded for size
(Font)              <7> on input line 103.
LaTeX Font Info:    External font `cmex10' loaded for size
(Font)              <12> on input line 103.
LaTeX Font Info:    External font `cmex10' loaded for size
(Font)              <8> on input line 103.
LaTeX Font Info:    External font `cmex10' loaded for size
(Font)              <6> on input line 103.
LaTeX Font Info:    Font shape `OT1/ptm/bx/n' in size <12> not available
(Font)              Font shape `OT1/ptm/b/n' tried instead on input line 109.
LaTeX Font Info:    Font shape `OT1/ptm/bx/n' in size <8> not available
(Font)              Font shape `OT1/ptm/b/n' tried instead on input line 111.
LaTeX Font Info:    Try loading font information for OT1+pcr on input line 112.


("C:\Users\Kevin Gilmore\AppData\Local\Programs\MiKTeX 2.9\tex\latex\psnfss\ot1
pcr.fd"
File: ot1pcr.fd 2001/06/04 font definitions for OT1/pcr.
)
LaTeX Font Info:    Font shape `OT1/pcr/bx/n' in size <12> not available
(Font)              Font shape `OT1/pcr/b/n' tried instead on input line 112.
LaTeX Font Info:    Try loading font information for OMS+pcr on input line 114.


("C:\Users\Kevin Gilmore\AppData\Local\Programs\MiKTeX 2.9\tex\latex\psnfss\oms
pcr.fd"
File: omspcr.fd 
)

LaTeX Font Warning: Font shape `OMS/pcr/bx/n' undefined
(Font)              using `OMS/pcr/m/n' instead
(Font)              for symbol `textbraceleft' on input line 114.

LaTeX Font Info:    Font shape `OMS/pcr/m/n' in size <12> not available
(Font)              Font shape `OMS/cmsy/m/n' tried instead on input line 114.
LaTeX Font Info:    Font shape `OMS/pcr/bx/n' in size <12> not available
(Font)              Font shape `OMS/cmsy/m/n' tried instead on input line 114.
LaTeX Font Info:    Font shape `OT1/ptm/bx/n' in size <17.28> not available
(Font)              Font shape `OT1/ptm/b/n' tried instead on input line 130.
LaTeX Font Info:    Font shape `OT1/ptm/bx/it' in size <12> not available
(Font)              Font shape `OT1/ptm/b/it' tried instead on input line 143.

LaTeX Warning: Citation `tth' on page 1 undefined on input line 143.


LaTeX Warning: Citation `use2e' on page 1 undefined on input line 150.

[1

{C:/Users/Kevin Gilmore/AppData/Local/MiKTeX/2.9/pdftex/config/pdftex.map}]
[2]

LaTeX Warning: Citation `inclme' on page 3 undefined on input line 208.

[3]

LaTeX Warning: Citation `nattex' on page 4 undefined on input line 270.

[4]
LaTeX Font Info:    Try loading font information for OMS+ptm on input line 301.


("C:\Users\Kevin Gilmore\AppData\Local\Programs\MiKTeX 2.9\tex\latex\psnfss\oms
ptm.fd"
File: omsptm.fd 
)
LaTeX Font Info:    Font shape `OMS/ptm/m/n' in size <12> not available
(Font)              Font shape `OMS/cmsy/m/n' tried instead on input line 301.
 [5]
Overfull \hbox (30.35535pt too wide) in paragraph at lines 323--326
[]\OT1/ptm/m/n/12 From B\OT1/ptm/m/n/10.95 IB\OT1/ptm/m/n/12 T[]X users, your b
ib-li-og-ra-phy (\OT1/pcr/m/n/12 .bib\OT1/ptm/m/n/12 ) file, \OT1/ptm/m/it/12 a
nd \OT1/ptm/m/n/12 the gen-er-ated file \OT1/pcr/m/n/12 ltxfile.bbl
 []

No file scifile.bbl.
[6] [7

] ("E:\Kevin Gilmore\Documents\scifile\build\scifile.aux")

LaTeX Font Warning: Some font shapes were not available, defaults substituted.


LaTeX Warning: There were undefined references.

 ) 
Here is how much of TeX's memory you used:
 457 strings out of 493634
 6019 string characters out of 3131974
 55604 words of memory out of 3000000
 3882 multiletter control sequences out of 15000+200000
 26626 words of font info for 53 fonts, out of 3000000 for 9000
 1025 hyphenation exceptions out of 8191
 22i,8n,20p,160b,307s stack positions out of 5000i,500n,10000p,200000b,50000s
{C:/Users/Kevin Gilmore/AppData/Local/Programs/MiKTeX 2.9/fonts/enc/dvips/fon
tname/8r.enc}<C:/Users/Kevin Gilmore/AppData/Local/Programs/MiKTeX 2.9/fonts/ty
pe1/public/amsfonts/cm/cmmi12.pfb><C:/Users/Kevin Gilmore/AppData/Local/Program
s/MiKTeX 2.9/fonts/type1/public/amsfonts/cm/cmmi8.pfb><C:/Users/Kevin Gilmore/A
ppData/Local/Programs/MiKTeX 2.9/fonts/type1/public/amsfonts/cm/cmr10.pfb><C:/U
sers/Kevin Gilmore/AppData/Local/Programs/MiKTeX 2.9/fonts/type1/public/amsfont
s/cm/cmr12.pfb><C:/Users/Kevin Gilmore/AppData/Local/Programs/MiKTeX 2.9/fonts/
type1/public/amsfonts/cm/cmr8.pfb><C:/Users/Kevin Gilmore/AppData/Local/Program
s/MiKTeX 2.9/fonts/type1/public/amsfonts/cm/cmsy10.pfb><C:/Users/Kevin Gilmore/
AppData/Local/Programs/MiKTeX 2.9/fonts/type1/public/amsfonts/cm/cmsy8.pfb><C:/
Users/Kevin Gilmore/AppData/Local/Programs/MiKTeX 2.9/fonts/type1/urw/courier/u
crb8a.pfb><C:/Users/Kevin Gilmore/AppData/Local/Programs/MiKTeX 2.9/fonts/type1
/urw/courier/ucrr8a.pfb><C:/Users/Kevin Gilmore/AppData/Local/Programs/MiKTeX 2
.9/fonts/type1/urw/times/utmb8a.pfb><C:/Users/Kevin Gilmore/AppData/Local/Progr
ams/MiKTeX 2.9/fonts/type1/urw/times/utmbi8a.pfb><C:/Users/Kevin Gilmore/AppDat
a/Local/Programs/MiKTeX 2.9/fonts/type1/urw/times/utmr8a.pfb><C:/Users/Kevin Gi
lmore/AppData/Local/Programs/MiKTeX 2.9/fonts/type1/urw/times/utmri8a.pfb>
Output written on "E:/Kevin Gilmore/Documents/scifile/build/scifile.pdf" (7 pag
es, 146282 bytes).
PDF statistics:
 79 PDF objects out of 1000 (max. 8388607)
 0 named destinations out of 1000 (max. 500000)
 1 words of extra memory for PDF output out of 10000 (max. 10000000)

